\BOOKMARK [1][-]{section*.1}{Revision History}{}% 1
\BOOKMARK [1][-]{section*.4}{Abstract}{}% 2
\BOOKMARK [1][-]{section*.5}{Table of Contents}{}% 3
\BOOKMARK [1][-]{section*.6}{List of Figures}{}% 4
\BOOKMARK [1][-]{section*.7}{List of Tables}{}% 5
\BOOKMARK [1][-]{section.1}{Introduction}{}% 6
\BOOKMARK [2][-]{subsection.1.1}{Work Distribution}{section.1}% 7
\BOOKMARK [1][-]{section.2}{Project Objectives and Success Criteria}{}% 8
\BOOKMARK [2][-]{subsection.2.1}{Main Objectives}{section.2}% 9
\BOOKMARK [2][-]{subsection.2.2}{Simple success criteria}{section.2}% 10
\BOOKMARK [3][-]{subsubsection.2.2.1}{Completed}{subsection.2.2}% 11
\BOOKMARK [3][-]{subsubsection.2.2.2}{Not Completed}{subsection.2.2}% 12
\BOOKMARK [2][-]{subsection.2.3}{Ambitious success criteria}{section.2}% 13
\BOOKMARK [3][-]{subsubsection.2.3.1}{Completed}{subsection.2.3}% 14
\BOOKMARK [3][-]{subsubsection.2.3.2}{Not Completed}{subsection.2.3}% 15
\BOOKMARK [1][-]{section.3}{High-Level Requirements}{}% 16
\BOOKMARK [1][-]{section.4}{Assumptions, Constraints, and Standards}{}% 17
\BOOKMARK [2][-]{subsection.4.1}{Assumptions}{section.4}% 18
\BOOKMARK [2][-]{subsection.4.2}{Constraints}{section.4}% 19
\BOOKMARK [2][-]{subsection.4.3}{Relevant Information Learned from Past Courses}{section.4}% 20
\BOOKMARK [3][-]{subsubsection.4.3.1}{Data Storage}{subsection.4.3}% 21
\BOOKMARK [3][-]{subsubsection.4.3.2}{Translate Detected Markings into Coordinate System \(Stepper Motor Rotations\)}{subsection.4.3}% 22
\BOOKMARK [3][-]{subsubsection.4.3.3}{Stepper Motor System Design}{subsection.4.3}% 23
\BOOKMARK [3][-]{subsubsection.4.3.4}{Microcontroller Involvement}{subsection.4.3}% 24
\BOOKMARK [3][-]{subsubsection.4.3.5}{Shortest Path Algorithm}{subsection.4.3}% 25
\BOOKMARK [3][-]{subsubsection.4.3.6}{Image Processing}{subsection.4.3}% 26
\BOOKMARK [3][-]{subsubsection.4.3.7}{Wireless Connectivity}{subsection.4.3}% 27
\BOOKMARK [3][-]{subsubsection.4.3.8}{Ultrasonic Sensor Proximity Detection}{subsection.4.3}% 28
\BOOKMARK [2][-]{subsection.4.4}{Standards}{section.4}% 29
\BOOKMARK [1][-]{section.5}{Project Description and Boundaries}{}% 30
\BOOKMARK [2][-]{subsection.5.1}{Major Components}{section.5}% 31
\BOOKMARK [2][-]{subsection.5.2}{Minor Components}{section.5}% 32
\BOOKMARK [2][-]{subsection.5.3}{Software Components}{section.5}% 33
\BOOKMARK [3][-]{subsubsection.5.3.1}{SPI Communication}{subsection.5.3}% 34
\BOOKMARK [3][-]{subsubsection.5.3.2}{I2C Communication}{subsection.5.3}% 35
\BOOKMARK [3][-]{subsubsection.5.3.3}{UART Communication}{subsection.5.3}% 36
\BOOKMARK [3][-]{subsubsection.5.3.4}{Grayscale Conversion from RGB565}{subsection.5.3}% 37
\BOOKMARK [3][-]{subsubsection.5.3.5}{Sobel Edge Detection}{subsection.5.3}% 38
\BOOKMARK [3][-]{subsubsection.5.3.6}{Socket Programming for Wireless Communication}{subsection.5.3}% 39
\BOOKMARK [3][-]{subsubsection.5.3.7}{Stepper Motor Operations}{subsection.5.3}% 40
\BOOKMARK [3][-]{subsubsection.5.3.8}{Moving the Eraser to the Markings}{subsection.5.3}% 41
\BOOKMARK [3][-]{subsubsection.5.3.9}{Proximity Sensing Using the Ultrasonic Sensor}{subsection.5.3}% 42
\BOOKMARK [2][-]{subsection.5.4}{Physical Technological Components}{section.5}% 43
\BOOKMARK [3][-]{subsubsection.5.4.1}{Arducam}{subsection.5.4}% 44
\BOOKMARK [3][-]{subsubsection.5.4.2}{PSoC 6 Microcontroller}{subsection.5.4}% 45
\BOOKMARK [3][-]{subsubsection.5.4.3}{Stepper Motors}{subsection.5.4}% 46
\BOOKMARK [3][-]{subsubsection.5.4.4}{Stepper Motor Drivers}{subsection.5.4}% 47
\BOOKMARK [3][-]{subsubsection.5.4.5}{HUZZAH32 for Stepper Motor Wireless Communication}{subsection.5.4}% 48
\BOOKMARK [3][-]{subsubsection.5.4.6}{PCBs}{subsection.5.4}% 49
\BOOKMARK [3][-]{subsubsection.5.4.7}{Additional Power}{subsection.5.4}% 50
\BOOKMARK [2][-]{subsection.5.5}{Physical Mechanical Components}{section.5}% 51
\BOOKMARK [3][-]{subsubsection.5.5.1}{Linear Motion Track System}{subsection.5.5}% 52
\BOOKMARK [3][-]{subsubsection.5.5.2}{Stepper Motor Mounts}{subsection.5.5}% 53
\BOOKMARK [3][-]{subsubsection.5.5.3}{Pulley System}{subsection.5.5}% 54
\BOOKMARK [2][-]{subsection.5.6}{Prototype Mounting Components}{section.5}% 55
\BOOKMARK [2][-]{subsection.5.7}{Boundaries}{section.5}% 56
\BOOKMARK [2][-]{subsection.5.8}{Technical Advisor Backgrounds}{section.5}% 57
\BOOKMARK [1][-]{section.6}{High-Level Risks}{}% 58
\BOOKMARK [1][-]{section.7}{Milestone Schedule}{}% 59
\BOOKMARK [1][-]{section.8}{Test Plan}{}% 60
\BOOKMARK [1][-]{section.9}{Gantt Charts}{}% 61
\BOOKMARK [1][-]{section.10}{Equipment and Budget}{}% 62
\BOOKMARK [1][-]{section.11}{Roles of Team Members}{}% 63
\BOOKMARK [2][-]{subsection.11.1}{Heather Libecki}{section.11}% 64
\BOOKMARK [2][-]{subsection.11.2}{Chris Quesada}{section.11}% 65
\BOOKMARK [2][-]{subsection.11.3}{Juan Colin}{section.11}% 66
\BOOKMARK [1][-]{section.12}{Analysis and Design}{}% 67
\BOOKMARK [2][-]{subsection.12.1}{I2C Communication - PSoC 6 to Arducam}{section.12}% 68
\BOOKMARK [2][-]{subsection.12.2}{SPI communication - PSoC 6 to Arducam}{section.12}% 69
\BOOKMARK [2][-]{subsection.12.3}{Image Processing}{section.12}% 70
\BOOKMARK [3][-]{subsubsection.12.3.1}{Resolution}{subsection.12.3}% 71
\BOOKMARK [3][-]{subsubsection.12.3.2}{Output Format}{subsection.12.3}% 72
\BOOKMARK [3][-]{subsubsection.12.3.3}{Resolution}{subsection.12.3}% 73
\BOOKMARK [3][-]{figure.caption.59}{Grayscale Results}{subsection.12.3}% 74
\BOOKMARK [3][-]{subsubsection.12.3.5}{Sobel Edge Detection}{subsection.12.3}% 75
\BOOKMARK [3][-]{subsubsection.12.3.6}{Results of Sobel Edge Detection}{subsection.12.3}% 76
\BOOKMARK [2][-]{subsection.12.4}{Square\137detection.c Algorithm}{section.12}% 77
\BOOKMARK [2][-]{subsection.12.5}{UART Communication - PSoC 6 to HUZZAH32 \(server\)}{section.12}% 78
\BOOKMARK [2][-]{subsection.12.6}{The Original Plan for Wireless Communication}{section.12}% 79
\BOOKMARK [3][-]{subsubsection.12.6.1}{Arduino Wireless Communication}{subsection.12.6}% 80
\BOOKMARK [2][-]{subsection.12.7}{The Current Wireless Communication System}{section.12}% 81
\BOOKMARK [3][-]{subsubsection.12.7.1}{Server}{subsection.12.7}% 82
\BOOKMARK [3][-]{subsubsection.12.7.2}{Clients}{subsection.12.7}% 83
\BOOKMARK [3][-]{subsubsection.12.7.3}{Serpentine.c Algorithm}{subsection.12.7}% 84
\BOOKMARK [3][-]{subsubsection.12.7.4}{Stepper Motor Movement}{subsection.12.7}% 85
\BOOKMARK [3][-]{subsubsection.12.7.5}{HC-SR04 Ultrasonic Sensor}{subsection.12.7}% 86
\BOOKMARK [2][-]{subsection.12.8}{Hardware}{section.12}% 87
\BOOKMARK [3][-]{subsubsection.12.8.1}{Using the Logic Analyzer}{subsection.12.8}% 88
\BOOKMARK [3][-]{subsubsection.12.8.2}{Stepper Motor and Driver Connections}{subsection.12.8}% 89
\BOOKMARK [3][-]{subsubsection.12.8.3}{Power Parameters}{subsection.12.8}% 90
\BOOKMARK [3][-]{subsubsection.12.8.4}{Printed Circuit Boards \(PCBs\)}{subsection.12.8}% 91
\BOOKMARK [2][-]{subsection.12.9}{Project Prototype - Planning}{section.12}% 92
\BOOKMARK [3][-]{subsubsection.12.9.1}{Initial Prototype Design}{subsection.12.9}% 93
\BOOKMARK [3][-]{subsubsection.12.9.2}{Final Prototype Design and Dimensions}{subsection.12.9}% 94
\BOOKMARK [2][-]{subsection.12.10}{Project Prototype - Building}{section.12}% 95
\BOOKMARK [3][-]{subsubsection.12.10.1}{Component Mounting Steps}{subsection.12.10}% 96
\BOOKMARK [3][-]{subsubsection.12.10.2}{Final Product}{subsection.12.10}% 97
\BOOKMARK [1][-]{section.13}{Stakeholder List}{}% 98
\BOOKMARK [1][-]{section.14}{Project Approval Requirements}{}% 99
\BOOKMARK [1][-]{section.15}{Approvals}{}% 100
\BOOKMARK [1][-]{section*.95}{References}{}% 101
\BOOKMARK [1][-]{section.16}{Appendices}{}% 102
\BOOKMARK [1][-]{section*.96}{Appendix 1 - transmitter\137xy.ino}{}% 103
\BOOKMARK [1][-]{section*.97}{Appendix 2 - receiver\137x.ino}{}% 104
\BOOKMARK [1][-]{section*.98}{Appendix 3 - main.c}{}% 105
\BOOKMARK [1][-]{section*.99}{Appendix 4 - SPImaster.c}{}% 106
\BOOKMARK [1][-]{section*.100}{Appendix 5 - SPImaster.h}{}% 107
\BOOKMARK [1][-]{section*.101}{Appendix 6 - I2Cmaster.c}{}% 108
\BOOKMARK [1][-]{section*.102}{Appendix 7 - I2Cmaster.h}{}% 109
\BOOKMARK [1][-]{section*.103}{Appendix 8 - Arducam.c}{}% 110
\BOOKMARK [1][-]{section*.104}{Appendix 9 - Arducam.h}{}% 111
\BOOKMARK [1][-]{section*.105}{Appendix 10 - Improc.c}{}% 112
\BOOKMARK [1][-]{section*.106}{Appendix 11 - Improc.h}{}% 113
\BOOKMARK [1][-]{section*.107}{Appendix 12 - interface.h}{}% 114
\BOOKMARK [1][-]{section*.108}{Appendix 13 - square\137detection.c}{}% 115
\BOOKMARK [1][-]{section*.109}{Appendix 14 - serpentine.c}{}% 116
\BOOKMARK [1][-]{section*.110}{Appendix 15 - stepper\137motors.py}{}% 117
\BOOKMARK [1][-]{section*.111}{Appendix 16 - SMserver.py}{}% 118
\BOOKMARK [1][-]{section*.112}{Appendix 17 - SMclientX.py}{}% 119
\BOOKMARK [1][-]{section*.113}{Appendix 18 - SMclientY.py}{}% 120
\BOOKMARK [1][-]{section*.114}{Appendix 19 - ultrasonic.py}{}% 121
\BOOKMARK [1][-]{section*.115}{Appendix 20 - np\137lights.py}{}% 122
\BOOKMARK [1][-]{section*.116}{Appendix 21 - UART.py}{}% 123
